Using pre-set license
Built from '2020.2/staging' branch; Version is '2020.2.7f1 (c53830e277f1) revision 12924976'; Using compiler version '192528614'; Build Type 'Release'
OS: 'Windows 10 Pro; OS build 19042.1415; Version 2009; 64bit' Language: 'en' Physical Memory: 32710 MB
BatchMode: 1, IsHumanControllingUs: 0, StartBugReporterOnCrash: 0, Is64bit: 1, IsPro: 0

 COMMAND LINE ARGUMENTS:
C:\Program Files\Unity\Hub\Editor\2020.2.7f1\Editor\Unity.exe
-adb2
-batchMode
-noUpm
-name
AssetImportWorker0
-projectPath
D:/BigRedDog
-logFile
Logs/AssetImportWorker0.log
-srvPort
58358
Successfully changed project path to: D:/BigRedDog
D:/BigRedDog
Using Asset Import Pipeline V2.
Refreshing native plugins compatible for Editor in 28.64 ms, found 0 plugins.
Preloading 0 native plugins for Editor in 0.00 ms.
Initialize engine version: 2020.2.7f1 (c53830e277f1)
[Subsystems] Discovering subsystems at path C:/Program Files/Unity/Hub/Editor/2020.2.7f1/Editor/Data/Resources/UnitySubsystems
[Subsystems] Discovering subsystems at path D:/BigRedDog/Assets
GfxDevice: creating device client; threaded=0
Direct3D:
    Version:  Direct3D 11.0 [level 11.1]
    Renderer: NVIDIA GeForce GTX 1080 Ti (ID=0x1b06)
    Vendor:   
    VRAM:     11127 MB
    Driver:   27.21.14.5751
Initialize mono
Mono path[0] = 'C:/Program Files/Unity/Hub/Editor/2020.2.7f1/Editor/Data/Managed'
Mono path[1] = 'C:/Program Files/Unity/Hub/Editor/2020.2.7f1/Editor/Data/MonoBleedingEdge/lib/mono/unityjit'
Mono config path = 'C:/Program Files/Unity/Hub/Editor/2020.2.7f1/Editor/Data/MonoBleedingEdge/etc'
Using monoOptions --debugger-agent=transport=dt_socket,embedding=1,server=y,suspend=n,address=127.0.0.1:56992
Begin MonoManager ReloadAssembly
Registering precompiled unity dll's ...
Register platform support module: C:/Program Files/Unity/Hub/Editor/2020.2.7f1/Editor/Data/PlaybackEngines/WebGLSupport/UnityEditor.WebGL.Extensions.dll
Register platform support module: C:/Program Files/Unity/Hub/Editor/2020.2.7f1/Editor/Data/PlaybackEngines/WindowsStandaloneSupport/UnityEditor.WindowsStandalone.Extensions.dll
Registered in 0.001725 seconds.
Native extension for WindowsStandalone target not found
Native extension for WebGL target not found
Refreshing native plugins compatible for Editor in 28.92 ms, found 0 plugins.
Preloading 0 native plugins for Editor in 0.00 ms.
Invoked RoslynAnalysisRunner static constructor.
RoslynAnalysisRunner will not be running.
RoslynAnalysisRunner has terminated.
Mono: successfully reloaded assembly
- Completed reload, in  1.655 seconds
Platform modules already initialized, skipping
Registering precompiled user dll's ...
Registered in 0.000581 seconds.
Begin MonoManager ReloadAssembly
Native extension for WindowsStandalone target not found
Native extension for WebGL target not found
Refreshing native plugins compatible for Editor in 0.29 ms, found 0 plugins.
Preloading 0 native plugins for Editor in 0.00 ms.
Invoked RoslynAnalysisRunner static constructor.
RoslynAnalysisRunner will not be running.
RoslynAnalysisRunner has terminated.
Mono: successfully reloaded assembly
- Completed reload, in  0.619 seconds
Platform modules already initialized, skipping
========================================================================
Worker process is ready to serve import requests
Launched and connected shader compiler UnityShaderCompiler.exe after 0.03 seconds
Refreshing native plugins compatible for Editor in 0.30 ms, found 0 plugins.
Preloading 0 native plugins for Editor in 0.00 ms.
Unloading 1174 Unused Serialized files (Serialized files now loaded: 0)
System memory in use before: 159.4 MB.
System memory in use after: 159.4 MB.

Unloading 11 unused Assets to reduce memory usage. Loaded Objects now: 1653.
Total: 1.548100 ms (FindLiveObjects: 0.114800 ms CreateObjectMapping: 0.031200 ms MarkObjects: 1.208000 ms  DeleteObjects: 0.193500 ms)

========================================================================
Received Import Request.
  path: Assets/[UIFabrica]TrollNest_Free_v01
  artifactKey: Guid(1e90d57bd8c40a64eb882d59d84f695b) Importer(815301076,1909f56bfc062723c751e8b465ee728b)
Start importing Assets/[UIFabrica]TrollNest_Free_v01 using Guid(1e90d57bd8c40a64eb882d59d84f695b) Importer(815301076,1909f56bfc062723c751e8b465ee728b)  -> (artifact id: 'de4677a36d3a0408dab1ee7a12a48d8a') in 0.005916 seconds
  Import took 0.007420 seconds .

========================================================================
Received Import Request.
  Time since last request: 2.976721 seconds.
  path: Assets/2D Casual UI/Sprite/GUI.png
  artifactKey: Guid(1eaee135ce037439d925cee5e41ce026) Importer(815301076,1909f56bfc062723c751e8b465ee728b)
Start importing Assets/2D Casual UI/Sprite/GUI.png using Guid(1eaee135ce037439d925cee5e41ce026) Importer(815301076,1909f56bfc062723c751e8b465ee728b)  -> (artifact id: 'ac372839312efac274d668d57fd6d3cc') in 0.197012 seconds
  Import took 0.198860 seconds .

========================================================================
Received Import Request.
  Time since last request: 4.225096 seconds.
  path: Assets/2D Casual UI
  artifactKey: Guid(eea07922793fb45d98e734985805ce9c) Importer(815301076,1909f56bfc062723c751e8b465ee728b)
Start importing Assets/2D Casual UI using Guid(eea07922793fb45d98e734985805ce9c) Importer(815301076,1909f56bfc062723c751e8b465ee728b)  -> (artifact id: '99ca3e3eff863df8cfee47c4903afa45') in 0.004971 seconds
  Import took 0.006677 seconds .

========================================================================
Received Import Request.
  Time since last request: 3.740970 seconds.
  path: Assets/_TerrainAutoUpgrade/layer_green3d3aba195e4d26ee.terrainlayer
  artifactKey: Guid(090b366a809509a489f186b8bf9c24a9) Importer(815301076,1909f56bfc062723c751e8b465ee728b)
Start importing Assets/_TerrainAutoUpgrade/layer_green3d3aba195e4d26ee.terrainlayer using Guid(090b366a809509a489f186b8bf9c24a9) Importer(815301076,1909f56bfc062723c751e8b465ee728b)  -> (artifact id: '7fb18065e28a611c0cf8020cf5072e27') in 0.013692 seconds
  Import took 0.015572 seconds .

========================================================================
Received Import Request.
  Time since last request: 1.159110 seconds.
  path: Assets/Abandoned buildings
  artifactKey: Guid(325a1f51c3248834ebe5ac2d592c8387) Importer(815301076,1909f56bfc062723c751e8b465ee728b)
Start importing Assets/Abandoned buildings using Guid(325a1f51c3248834ebe5ac2d592c8387) Importer(815301076,1909f56bfc062723c751e8b465ee728b)  -> (artifact id: '69529d3f269d8532d2e7e113f2de8dbb') in 0.004855 seconds
  Import took 0.006498 seconds .

========================================================================
Received Import Request.
  Time since last request: 0.747226 seconds.
  path: Assets/Abandoned buildings/Materials
  artifactKey: Guid(375aa7525af0d4447b6d9d9a6562ebbd) Importer(815301076,1909f56bfc062723c751e8b465ee728b)
Start importing Assets/Abandoned buildings/Materials using Guid(375aa7525af0d4447b6d9d9a6562ebbd) Importer(815301076,1909f56bfc062723c751e8b465ee728b)  -> (artifact id: '804cbb4ba2fc6dabdbc733c3409c52d5') in 0.005079 seconds
  Import took 0.006774 seconds .

========================================================================
Received Import Request.
  Time since last request: 0.000877 seconds.
  path: Assets/Abandoned buildings/Materials
  artifactKey: Guid(375aa7525af0d4447b6d9d9a6562ebbd) Importer(815301076,1909f56bfc062723c751e8b465ee728b)
Start importing Assets/Abandoned buildings/Materials using Guid(375aa7525af0d4447b6d9d9a6562ebbd) Importer(815301076,1909f56bfc062723c751e8b465ee728b)  -> (artifact id: '804cbb4ba2fc6dabdbc733c3409c52d5') in 0.001331 seconds
  Import took 0.002913 seconds .

========================================================================
Received Import Request.
  Time since last request: 0.367818 seconds.
  path: Assets/Abandoned buildings/Meshes
  artifactKey: Guid(51fda990f5a15cd43a93a68a33632bab) Importer(815301076,1909f56bfc062723c751e8b465ee728b)
Start importing Assets/Abandoned buildings/Meshes using Guid(51fda990f5a15cd43a93a68a33632bab) Importer(815301076,1909f56bfc062723c751e8b465ee728b)  -> (artifact id: '47b20addf4c0190001b56de83afb8bbc') in 0.004754 seconds
  Import took 0.006487 seconds .

========================================================================
Received Import Request.
  Time since last request: 0.001044 seconds.
  path: Assets/Abandoned buildings/Meshes
  artifactKey: Guid(51fda990f5a15cd43a93a68a33632bab) Importer(815301076,1909f56bfc062723c751e8b465ee728b)
Start importing Assets/Abandoned buildings/Meshes using Guid(51fda990f5a15cd43a93a68a33632bab) Importer(815301076,1909f56bfc062723c751e8b465ee728b)  -> (artifact id: '47b20addf4c0190001b56de83afb8bbc') in 0.001863 seconds
  Import took 0.003470 seconds .

========================================================================
Received Import Request.
  Time since last request: 0.220545 seconds.
  path: Assets/Abandoned buildings/Prefab
  artifactKey: Guid(898eed1306c30f94aa772261c493c5c2) Importer(815301076,1909f56bfc062723c751e8b465ee728b)
Start importing Assets/Abandoned buildings/Prefab using Guid(898eed1306c30f94aa772261c493c5c2) Importer(815301076,1909f56bfc062723c751e8b465ee728b)  -> (artifact id: '887bde092f92ade9492ccd3b9ff968a3') in 0.004711 seconds
  Import took 0.006409 seconds .

========================================================================
Received Import Request.
  Time since last request: 0.498054 seconds.
  path: Assets/Abandoned buildings/Scene
  artifactKey: Guid(42a50e7e6cefa824fb09df98e2671cba) Importer(815301076,1909f56bfc062723c751e8b465ee728b)
Start importing Assets/Abandoned buildings/Scene using Guid(42a50e7e6cefa824fb09df98e2671cba) Importer(815301076,1909f56bfc062723c751e8b465ee728b)  -> (artifact id: 'b8475ef7eca0d5bd7f27df936c93f71b') in 0.004924 seconds
  Import took 0.006679 seconds .

========================================================================
Received Import Request.
  Time since last request: 0.029310 seconds.
  path: Assets/Abandoned buildings/Scene/abandoned_buildings.unity
  artifactKey: Guid(b088e8a7d764ddc4d990de7bb43b7b85) Importer(815301076,1909f56bfc062723c751e8b465ee728b)
Start importing Assets/Abandoned buildings/Scene/abandoned_buildings.unity using Guid(b088e8a7d764ddc4d990de7bb43b7b85) Importer(815301076,1909f56bfc062723c751e8b465ee728b)  -> (artifact id: 'e0cddac07b2734b03340db6953f1581a') in 0.005136 seconds
  Import took 0.006884 seconds .

========================================================================
Received Import Request.
  Time since last request: 0.000483 seconds.
  path: Assets/Abandoned buildings/Scene/abandoned_buildings.unity
  artifactKey: Guid(b088e8a7d764ddc4d990de7bb43b7b85) Importer(815301076,1909f56bfc062723c751e8b465ee728b)
Start importing Assets/Abandoned buildings/Scene/abandoned_buildings.unity using Guid(b088e8a7d764ddc4d990de7bb43b7b85) Importer(815301076,1909f56bfc062723c751e8b465ee728b)  -> (artifact id: 'e0cddac07b2734b03340db6953f1581a') in 0.001973 seconds
  Import took 0.003523 seconds .

========================================================================
Received Import Request.
  Time since last request: 0.036493 seconds.
  path: Assets/Abandoned buildings/Scene/abandoned_buildingsSettings.lighting
  artifactKey: Guid(4fba1c4900f35b44f98dd5b48809bf59) Importer(815301076,1909f56bfc062723c751e8b465ee728b)
Start importing Assets/Abandoned buildings/Scene/abandoned_buildingsSettings.lighting using Guid(4fba1c4900f35b44f98dd5b48809bf59) Importer(815301076,1909f56bfc062723c751e8b465ee728b) LightingSettings: switching bake backend from 1 to 0.
 -> (artifact id: 'e68c0135df8904eab24a9e5f6c8356f8') in 0.005625 seconds
  Import took 0.007291 seconds .

========================================================================
Received Import Request.
  Time since last request: 0.009183 seconds.
  path: Assets/Abandoned buildings/Scene/abandoned_buildingsSettings.lighting
  artifactKey: Guid(4fba1c4900f35b44f98dd5b48809bf59) Importer(815301076,1909f56bfc062723c751e8b465ee728b)
Start importing Assets/Abandoned buildings/Scene/abandoned_buildingsSettings.lighting using Guid(4fba1c4900f35b44f98dd5b48809bf59) Importer(815301076,1909f56bfc062723c751e8b465ee728b) LightingSettings: switching bake backend from 1 to 0.
 -> (artifact id: 'e68c0135df8904eab24a9e5f6c8356f8') in 0.001948 seconds
  Import took 0.003720 seconds .

========================================================================
Received Import Request.
  Time since last request: 2.988331 seconds.
  path: Assets/Abandoned buildings/Prefab/abandoned_buildings
  artifactKey: Guid(5dacbcc3f541e744e9dc0e1e50b8a077) Importer(815301076,1909f56bfc062723c751e8b465ee728b)
Start importing Assets/Abandoned buildings/Prefab/abandoned_buildings using Guid(5dacbcc3f541e744e9dc0e1e50b8a077) Importer(815301076,1909f56bfc062723c751e8b465ee728b)  -> (artifact id: '89a7008cce6d70873884a2b7acc703e7') in 0.006808 seconds
  Import took 0.009256 seconds .

========================================================================
Received Import Request.
  Time since last request: 0.407916 seconds.
  path: Assets/Abandoned buildings/Prefab/abandoned_buildings/birdhouse.prefab
  artifactKey: Guid(6c43e81dbb4ea18428ee68fedb9a544c) Importer(815301076,1909f56bfc062723c751e8b465ee728b)
Start importing Assets/Abandoned buildings/Prefab/abandoned_buildings/birdhouse.prefab using Guid(6c43e81dbb4ea18428ee68fedb9a544c) Importer(815301076,1909f56bfc062723c751e8b465ee728b)  -> (artifact id: 'b33349f68630a3ba7603a99598c17e0d') in 0.031937 seconds
  Import took 0.033648 seconds .

========================================================================
Received Import Request.
  Time since last request: 0.572903 seconds.
  path: Assets/Abandoned buildings/Prefab/abandoned_buildings/house_aband.prefab
  artifactKey: Guid(0c33235d8e4ec124b8f0e17c87b30ee1) Importer(815301076,1909f56bfc062723c751e8b465ee728b)
Start importing Assets/Abandoned buildings/Prefab/abandoned_buildings/house_aband.prefab using Guid(0c33235d8e4ec124b8f0e17c87b30ee1) Importer(815301076,1909f56bfc062723c751e8b465ee728b)  -> (artifact id: '97e5c7a9002d0536b3bab857042ec169') in 0.011361 seconds
  Import took 0.013556 seconds .

========================================================================
Received Import Request.
  Time since last request: 0.409317 seconds.
  path: Assets/Abandoned buildings/Prefab/abandoned_buildings/house_enter.prefab
  artifactKey: Guid(b975c7a470622c540b3e705556ab595e) Importer(815301076,1909f56bfc062723c751e8b465ee728b)
Start importing Assets/Abandoned buildings/Prefab/abandoned_buildings/house_enter.prefab using Guid(b975c7a470622c540b3e705556ab595e) Importer(815301076,1909f56bfc062723c751e8b465ee728b)  -> (artifact id: '8e934349e8a8f6db05493e75e8e99b52') in 0.016739 seconds
  Import took 0.018801 seconds .

========================================================================
Received Import Request.
  Time since last request: 0.221614 seconds.
  path: Assets/Abandoned buildings/Prefab/abandoned_buildings/house_roof.prefab
  artifactKey: Guid(f07c5dd2e7eea7f428902de53a5fe107) Importer(815301076,1909f56bfc062723c751e8b465ee728b)
Start importing Assets/Abandoned buildings/Prefab/abandoned_buildings/house_roof.prefab using Guid(f07c5dd2e7eea7f428902de53a5fe107) Importer(815301076,1909f56bfc062723c751e8b465ee728b)  -> (artifact id: '42a1122f7d0ffc9bddef414cf93e357c') in 0.010283 seconds
  Import took 0.012652 seconds .

========================================================================
Received Import Request.
  Time since last request: 0.213201 seconds.
  path: Assets/Abandoned buildings/Prefab/abandoned_buildings/house_ruined.prefab
  artifactKey: Guid(b3a53a0efb7c50848b26f6eea91284bb) Importer(815301076,1909f56bfc062723c751e8b465ee728b)
Start importing Assets/Abandoned buildings/Prefab/abandoned_buildings/house_ruined.prefab using Guid(b3a53a0efb7c50848b26f6eea91284bb) Importer(815301076,1909f56bfc062723c751e8b465ee728b)  -> (artifact id: 'de035e3f8163f319566291ef90b0e91f') in 0.009287 seconds
  Import took 0.011056 seconds .

========================================================================
Received Import Request.
  Time since last request: 0.225773 seconds.
  path: Assets/Abandoned buildings/Prefab/abandoned_buildings/house_stairs.prefab
  artifactKey: Guid(92639011d2d4c504e80f68a4f024006f) Importer(815301076,1909f56bfc062723c751e8b465ee728b)
Start importing Assets/Abandoned buildings/Prefab/abandoned_buildings/house_stairs.prefab using Guid(92639011d2d4c504e80f68a4f024006f) Importer(815301076,1909f56bfc062723c751e8b465ee728b)  -> (artifact id: 'd27e6cb2da17c7b892e8ed1c7f1f61db') in 0.012090 seconds
  Import took 0.017214 seconds .

========================================================================
Received Import Request.
  Time since last request: 0.000899 seconds.
  path: Assets/Abandoned buildings/Prefab/abandoned_buildings/house_stairs.prefab
  artifactKey: Guid(92639011d2d4c504e80f68a4f024006f) Importer(815301076,1909f56bfc062723c751e8b465ee728b)
Start importing Assets/Abandoned buildings/Prefab/abandoned_buildings/house_stairs.prefab using Guid(92639011d2d4c504e80f68a4f024006f) Importer(815301076,1909f56bfc062723c751e8b465ee728b)  -> (artifact id: 'd27e6cb2da17c7b892e8ed1c7f1f61db') in 0.005880 seconds
  Import took 0.007841 seconds .

========================================================================
Received Import Request.
  Time since last request: 0.176666 seconds.
  path: Assets/Abandoned buildings/Prefab/abandoned_buildings/junk_bridge.prefab
  artifactKey: Guid(035f738ac7ca0934aae975915ce9478f) Importer(815301076,1909f56bfc062723c751e8b465ee728b)
Start importing Assets/Abandoned buildings/Prefab/abandoned_buildings/junk_bridge.prefab using Guid(035f738ac7ca0934aae975915ce9478f) Importer(815301076,1909f56bfc062723c751e8b465ee728b)  -> (artifact id: 'a2389d0dd685d5d1feaa137d2ef45518') in 0.010226 seconds
  Import took 0.012302 seconds .

========================================================================
Received Import Request.
  Time since last request: 0.249514 seconds.
  path: Assets/Abandoned buildings/Prefab/abandoned_buildings/junk_wind_broke.prefab
  artifactKey: Guid(0632adc36f3af70468bf597efa877832) Importer(815301076,1909f56bfc062723c751e8b465ee728b)
Start importing Assets/Abandoned buildings/Prefab/abandoned_buildings/junk_wind_broke.prefab using Guid(0632adc36f3af70468bf597efa877832) Importer(815301076,1909f56bfc062723c751e8b465ee728b)  -> (artifact id: '5f9694250be5709d2922db1ba8387a2c') in 0.010637 seconds
  Import took 0.012861 seconds .

========================================================================
Received Import Request.
  Time since last request: 0.366689 seconds.
  path: Assets/Abandoned buildings/Prefab/abandoned_buildings/junk_window.prefab
  artifactKey: Guid(a22c9e7ef50fc764da43060141ad70cb) Importer(815301076,1909f56bfc062723c751e8b465ee728b)
Start importing Assets/Abandoned buildings/Prefab/abandoned_buildings/junk_window.prefab using Guid(a22c9e7ef50fc764da43060141ad70cb) Importer(815301076,1909f56bfc062723c751e8b465ee728b)  -> (artifact id: '3ffb7baf5295ee7a08c6f5ac0f193801') in 0.010654 seconds
  Import took 0.013166 seconds .

========================================================================
Received Import Request.
  Time since last request: 0.373126 seconds.
  path: Assets/Abandoned buildings/Prefab/abandoned_buildings/pole_wood.prefab
  artifactKey: Guid(b56ffad1c0421324d82ef52ef263d4db) Importer(815301076,1909f56bfc062723c751e8b465ee728b)
Start importing Assets/Abandoned buildings/Prefab/abandoned_buildings/pole_wood.prefab using Guid(b56ffad1c0421324d82ef52ef263d4db) Importer(815301076,1909f56bfc062723c751e8b465ee728b)  -> (artifact id: 'eb1ff2f592a7e18858c7d67e2e3acca8') in 0.011643 seconds
  Import took 0.013921 seconds .

========================================================================
Received Prepare
Refreshing native plugins compatible for Editor in 0.66 ms, found 0 plugins.
Preloading 0 native plugins for Editor in 0.00 ms.
Unloading 4 Unused Serialized files (Serialized files now loaded: 0)
System memory in use before: 139.3 MB.
System memory in use after: 139.4 MB.

Unloading 4 unused Assets to reduce memory usage. Loaded Objects now: 1771.
Total: 1.683800 ms (FindLiveObjects: 0.148500 ms CreateObjectMapping: 0.032100 ms MarkObjects: 1.352000 ms  DeleteObjects: 0.150600 ms)

========================================================================
Received Import Request.
  Time since last request: 5.600067 seconds.
  path: Assets/Animated 2D Coins/Animation
  artifactKey: Guid(2be6d1befc9f77a42ae4e6c7514383f5) Importer(815301076,1909f56bfc062723c751e8b465ee728b)
Start importing Assets/Animated 2D Coins/Animation using Guid(2be6d1befc9f77a42ae4e6c7514383f5) Importer(815301076,1909f56bfc062723c751e8b465ee728b)  -> (artifact id: 'a079c39ce96510e1e9bf824ea535c4b7') in 0.004627 seconds
  Import took 0.006369 seconds .

========================================================================
Received Import Request.
  Time since last request: 0.000894 seconds.
  path: Assets/Animated 2D Coins/Animation
  artifactKey: Guid(2be6d1befc9f77a42ae4e6c7514383f5) Importer(815301076,1909f56bfc062723c751e8b465ee728b)
Start importing Assets/Animated 2D Coins/Animation using Guid(2be6d1befc9f77a42ae4e6c7514383f5) Importer(815301076,1909f56bfc062723c751e8b465ee728b)  -> (artifact id: 'a079c39ce96510e1e9bf824ea535c4b7') in 0.001654 seconds
  Import took 0.003181 seconds .

========================================================================
Received Import Request.
  Time since last request: 0.405678 seconds.
  path: Assets/Animated 2D Coins/Prefab
  artifactKey: Guid(cb80abe8b85863e4aa7d4244bb20e14f) Importer(815301076,1909f56bfc062723c751e8b465ee728b)
Start importing Assets/Animated 2D Coins/Prefab using Guid(cb80abe8b85863e4aa7d4244bb20e14f) Importer(815301076,1909f56bfc062723c751e8b465ee728b)  -> (artifact id: '91af0c9a14682a63aeeec055b332e26e') in 0.001663 seconds
  Import took 0.003499 seconds .

========================================================================
Received Import Request.
  Time since last request: 6.107077 seconds.
  path: Assets/ARSH Studios/Assets
  artifactKey: Guid(9ad337bb8d49c96429e3b21aa73c0fb1) Importer(815301076,1909f56bfc062723c751e8b465ee728b)
Start importing Assets/ARSH Studios/Assets using Guid(9ad337bb8d49c96429e3b21aa73c0fb1) Importer(815301076,1909f56bfc062723c751e8b465ee728b)  -> (artifact id: '359d1decd2e2d319beb165433c13ab61') in 0.004856 seconds
  Import took 0.006748 seconds .

========================================================================
Received Import Request.
  Time since last request: 0.000661 seconds.
  path: Assets/ARSH Studios/Assets
  artifactKey: Guid(9ad337bb8d49c96429e3b21aa73c0fb1) Importer(815301076,1909f56bfc062723c751e8b465ee728b)
Start importing Assets/ARSH Studios/Assets using Guid(9ad337bb8d49c96429e3b21aa73c0fb1) Importer(815301076,1909f56bfc062723c751e8b465ee728b)  -> (artifact id: '359d1decd2e2d319beb165433c13ab61') in 0.001711 seconds
  Import took 0.003353 seconds .

========================================================================
Received Import Request.
  Time since last request: 0.254839 seconds.
  path: Assets/ARSH Studios/Assets/Material
  artifactKey: Guid(f212158e33c1bb241a940d10dd7dd322) Importer(815301076,1909f56bfc062723c751e8b465ee728b)
Start importing Assets/ARSH Studios/Assets/Material using Guid(f212158e33c1bb241a940d10dd7dd322) Importer(815301076,1909f56bfc062723c751e8b465ee728b)  -> (artifact id: '7b2ba7f2dd97e01e84bcafc74c2b2d74') in 0.007349 seconds
  Import took 0.009884 seconds .

========================================================================
Received Import Request.
  Time since last request: 0.689466 seconds.
  path: Assets/ARSH Studios/Assets/Mesh
  artifactKey: Guid(076196bc4a252104f8ecc8ab7e4849f7) Importer(815301076,1909f56bfc062723c751e8b465ee728b)
Start importing Assets/ARSH Studios/Assets/Mesh using Guid(076196bc4a252104f8ecc8ab7e4849f7) Importer(815301076,1909f56bfc062723c751e8b465ee728b)  -> (artifact id: 'd9e7a6465757be5da0a399629edbf693') in 0.007689 seconds
  Import took 0.009999 seconds .

========================================================================
Received Import Request.
  Time since last request: 0.013536 seconds.
  path: Assets/ARSH Studios/Assets/Prefabs
  artifactKey: Guid(0d513c3b5a41542479c465f07a32f07e) Importer(815301076,1909f56bfc062723c751e8b465ee728b)
Start importing Assets/ARSH Studios/Assets/Prefabs using Guid(0d513c3b5a41542479c465f07a32f07e) Importer(815301076,1909f56bfc062723c751e8b465ee728b)  -> (artifact id: 'ebd26787f3d5e0e76fd4770242904077') in 0.007814 seconds
  Import took 0.009867 seconds .

========================================================================
Received Import Request.
  Time since last request: 0.025835 seconds.
  path: Assets/ARSH Studios/Assets/Prefabs/All_in_one
  artifactKey: Guid(16881303d3fb82141a439dc5194f4d5c) Importer(815301076,1909f56bfc062723c751e8b465ee728b)
Start importing Assets/ARSH Studios/Assets/Prefabs/All_in_one using Guid(16881303d3fb82141a439dc5194f4d5c) Importer(815301076,1909f56bfc062723c751e8b465ee728b)  -> (artifact id: '3859b17fc95fd7f942e7c037ebb0a06e') in 0.004794 seconds
  Import took 0.006662 seconds .

========================================================================
Received Import Request.
  Time since last request: 0.000513 seconds.
  path: Assets/ARSH Studios/Assets/Prefabs/All_in_one
  artifactKey: Guid(16881303d3fb82141a439dc5194f4d5c) Importer(815301076,1909f56bfc062723c751e8b465ee728b)
Start importing Assets/ARSH Studios/Assets/Prefabs/All_in_one using Guid(16881303d3fb82141a439dc5194f4d5c) Importer(815301076,1909f56bfc062723c751e8b465ee728b)  -> (artifact id: '3859b17fc95fd7f942e7c037ebb0a06e') in 0.001533 seconds
  Import took 0.003628 seconds .

========================================================================
Received Import Request.
  Time since last request: 18.918334 seconds.
  path: Assets/2D Design
  artifactKey: Guid(61cc7ba739a06a6429e6eb0b6662f090) Importer(815301076,1909f56bfc062723c751e8b465ee728b)
Start importing Assets/2D Design using Guid(61cc7ba739a06a6429e6eb0b6662f090) Importer(815301076,1909f56bfc062723c751e8b465ee728b)  -> (artifact id: '7babbc70e29a10bd6fa9e784e8ffdfc6') in 0.004948 seconds
  Import took 0.006716 seconds .

========================================================================
Received Import Request.
  Time since last request: 2.680635 seconds.
  path: Assets/Beautiful Progress Bar Free - CYKO/Prefabs
  artifactKey: Guid(6efbf95f7a6494cce910347e6da4650e) Importer(815301076,1909f56bfc062723c751e8b465ee728b)
Start importing Assets/Beautiful Progress Bar Free - CYKO/Prefabs using Guid(6efbf95f7a6494cce910347e6da4650e) Importer(815301076,1909f56bfc062723c751e8b465ee728b)  -> (artifact id: '01fa6eedabff0d487a4ada5858ba34d5') in 0.002035 seconds
  Import took 0.004346 seconds .

========================================================================
Received Import Request.
  Time since last request: 0.587045 seconds.
  path: Assets/Beautiful Progress Bar Free - CYKO/PROGRESS UI
  artifactKey: Guid(fcbf7a57e575944e8847f9ed5c5a5427) Importer(815301076,1909f56bfc062723c751e8b465ee728b)
Start importing Assets/Beautiful Progress Bar Free - CYKO/PROGRESS UI using Guid(fcbf7a57e575944e8847f9ed5c5a5427) Importer(815301076,1909f56bfc062723c751e8b465ee728b)  -> (artifact id: 'afd11b84cf4d9bc002cbdbdb5a359015') in 0.009312 seconds
  Import took 0.011718 seconds .

========================================================================
Received Import Request.
  Time since last request: 0.000617 seconds.
  path: Assets/Beautiful Progress Bar Free - CYKO/PROGRESS UI
  artifactKey: Guid(fcbf7a57e575944e8847f9ed5c5a5427) Importer(815301076,1909f56bfc062723c751e8b465ee728b)
Start importing Assets/Beautiful Progress Bar Free - CYKO/PROGRESS UI using Guid(fcbf7a57e575944e8847f9ed5c5a5427) Importer(815301076,1909f56bfc062723c751e8b465ee728b)  -> (artifact id: 'afd11b84cf4d9bc002cbdbdb5a359015') in 0.001589 seconds
  Import took 0.003469 seconds .

========================================================================
Received Import Request.
  Time since last request: 0.199261 seconds.
  path: Assets/Beautiful Progress Bar Free - CYKO/Scenes
  artifactKey: Guid(2c8efd9d0f2654d18a296adf90722a7f) Importer(815301076,1909f56bfc062723c751e8b465ee728b)
Start importing Assets/Beautiful Progress Bar Free - CYKO/Scenes using Guid(2c8efd9d0f2654d18a296adf90722a7f) Importer(815301076,1909f56bfc062723c751e8b465ee728b)  -> (artifact id: '266d709c706b1e34234d2b4b8cba633e') in 0.007052 seconds
  Import took 0.009674 seconds .

========================================================================
Received Import Request.
  Time since last request: 0.327169 seconds.
  path: Assets/Beautiful Progress Bar Free - CYKO/Scripts
  artifactKey: Guid(4ef5e874d03c74a52abc0f795af774da) Importer(815301076,1909f56bfc062723c751e8b465ee728b)
Start importing Assets/Beautiful Progress Bar Free - CYKO/Scripts using Guid(4ef5e874d03c74a52abc0f795af774da) Importer(815301076,1909f56bfc062723c751e8b465ee728b)  -> (artifact id: 'f10abdb441d927f092d62332f41596f8') in 0.005170 seconds
  Import took 0.006855 seconds .

========================================================================
Received Import Request.
  Time since last request: 0.753258 seconds.
  path: Assets/Beautiful Progress Bar Free - CYKO/Scripts/SliderScripts.cs
  artifactKey: Guid(dac734811a58840af97ce1956feefdec) Importer(815301076,1909f56bfc062723c751e8b465ee728b)
Start importing Assets/Beautiful Progress Bar Free - CYKO/Scripts/SliderScripts.cs using Guid(dac734811a58840af97ce1956feefdec) Importer(815301076,1909f56bfc062723c751e8b465ee728b)  -> (artifact id: 'e59b82580d515441565043187c328ed7') in 0.014515 seconds
  Import took 0.016515 seconds .

========================================================================
Received Import Request.
  Time since last request: 2.350306 seconds.
  path: Assets/Beautiful Progress Bar Free - CYKO/Prefabs/Slider (2).prefab
  artifactKey: Guid(768873d858e68487b84d01b85b954a32) Importer(815301076,1909f56bfc062723c751e8b465ee728b)
Start importing Assets/Beautiful Progress Bar Free - CYKO/Prefabs/Slider (2).prefab using Guid(768873d858e68487b84d01b85b954a32) Importer(815301076,1909f56bfc062723c751e8b465ee728b)  -> (artifact id: '031a87f9b2247a70e7abe4dab792cbbc') in 0.028612 seconds
  Import took 0.030496 seconds .

========================================================================
Received Import Request.
  Time since last request: 0.239130 seconds.
  path: Assets/Beautiful Progress Bar Free - CYKO/Prefabs/Slider (3).prefab
  artifactKey: Guid(d59af3ac28fcf4659a909211f7356283) Importer(815301076,1909f56bfc062723c751e8b465ee728b)
Start importing Assets/Beautiful Progress Bar Free - CYKO/Prefabs/Slider (3).prefab using Guid(d59af3ac28fcf4659a909211f7356283) Importer(815301076,1909f56bfc062723c751e8b465ee728b)  -> (artifact id: 'ec84478abb6c8916fa585af0062d8f7c') in 0.005483 seconds
  Import took 0.007338 seconds .

========================================================================
Received Import Request.
  Time since last request: 3.986049 seconds.
  path: Assets/impact
  artifactKey: Guid(8660452f618e66840897d8cff058bc6e) Importer(815301076,1909f56bfc062723c751e8b465ee728b)
Start importing Assets/impact using Guid(8660452f618e66840897d8cff058bc6e) Importer(815301076,1909f56bfc062723c751e8b465ee728b)  -> (artifact id: 'c94f8241b23255143fa5f5eae4c52c55') in 0.005046 seconds
  Import took 0.006916 seconds .

========================================================================
Received Import Request.
  Time since last request: 0.001137 seconds.
  path: Assets/impact
  artifactKey: Guid(8660452f618e66840897d8cff058bc6e) Importer(815301076,1909f56bfc062723c751e8b465ee728b)
Start importing Assets/impact using Guid(8660452f618e66840897d8cff058bc6e) Importer(815301076,1909f56bfc062723c751e8b465ee728b)  -> (artifact id: 'c94f8241b23255143fa5f5eae4c52c55') in 0.001843 seconds
  Import took 0.003619 seconds .

========================================================================
Received Import Request.
  Time since last request: 2.945390 seconds.
  path: Assets/Low_Poly_Mini_Village
  artifactKey: Guid(e1c92e29f5a92c6429824aac83f87d30) Importer(815301076,1909f56bfc062723c751e8b465ee728b)
Start importing Assets/Low_Poly_Mini_Village using Guid(e1c92e29f5a92c6429824aac83f87d30) Importer(815301076,1909f56bfc062723c751e8b465ee728b)  -> (artifact id: 'b11676ef380bb822f5ae003ab25e44d2') in 0.005202 seconds
  Import took 0.006976 seconds .

========================================================================
Received Import Request.
  Time since last request: 0.000973 seconds.
  path: Assets/Low_Poly_Mini_Village
  artifactKey: Guid(e1c92e29f5a92c6429824aac83f87d30) Importer(815301076,1909f56bfc062723c751e8b465ee728b)
Start importing Assets/Low_Poly_Mini_Village using Guid(e1c92e29f5a92c6429824aac83f87d30) Importer(815301076,1909f56bfc062723c751e8b465ee728b)  -> (artifact id: 'b11676ef380bb822f5ae003ab25e44d2') in 0.001624 seconds
  Import took 0.003300 seconds .

========================================================================
Received Import Request.
  Time since last request: 0.789140 seconds.
  path: Assets/LowPolyFarmLite
  artifactKey: Guid(c8fe8476a8451d943a09671837fa39fc) Importer(815301076,1909f56bfc062723c751e8b465ee728b)
Start importing Assets/LowPolyFarmLite using Guid(c8fe8476a8451d943a09671837fa39fc) Importer(815301076,1909f56bfc062723c751e8b465ee728b)  -> (artifact id: '85702fdf31a339c1d93d8d06dccaef0e') in 0.007731 seconds
  Import took 0.010057 seconds .

========================================================================
Received Import Request.
  Time since last request: 20.279769 seconds.
  path: Assets/SimpleLowPolyNature/Scenes/DemoDay.unity
  artifactKey: Guid(304a5748b784bc241be3c08d67013b21) Importer(815301076,1909f56bfc062723c751e8b465ee728b)
Start importing Assets/SimpleLowPolyNature/Scenes/DemoDay.unity using Guid(304a5748b784bc241be3c08d67013b21) Importer(815301076,1909f56bfc062723c751e8b465ee728b)  -> (artifact id: '41f50843d5a8561446f46de0d29c3a35') in 0.004918 seconds
  Import took 0.006779 seconds .

========================================================================
Received Import Request.
  Time since last request: 17.041754 seconds.
  path: Assets/JMO Assets/Cartoon FX/CFX3 Prefabs/Misc/CFX3_Hit_Misc_D.prefab
  artifactKey: Guid(979632a27455af442bd2d8f36eb0ffce) Importer(815301076,1909f56bfc062723c751e8b465ee728b)
Start importing Assets/JMO Assets/Cartoon FX/CFX3 Prefabs/Misc/CFX3_Hit_Misc_D.prefab using Guid(979632a27455af442bd2d8f36eb0ffce) Importer(815301076,1909f56bfc062723c751e8b465ee728b)  -> (artifact id: 'd4550e6cdd9ad292242d452d2082b3da') in 0.011783 seconds
  Import took 0.013567 seconds .

========================================================================
Received Import Request.
  Time since last request: 0.000199 seconds.
  path: Assets/Mente Bacata/Scivolo Character Controller/Scripts/ScivoloCharacterController.asmdef
  artifactKey: Guid(ae9be5ad8f4fea54cb89b3e70d3d8d62) Importer(815301076,1909f56bfc062723c751e8b465ee728b)
Start importing Assets/Mente Bacata/Scivolo Character Controller/Scripts/ScivoloCharacterController.asmdef using Guid(ae9be5ad8f4fea54cb89b3e70d3d8d62) Importer(815301076,1909f56bfc062723c751e8b465ee728b)  -> (artifact id: '6d63eb9bcf9b9b38af71f393630943bd') in 0.005258 seconds
  Import took 0.006743 seconds .

========================================================================
Received Import Request.
  Time since last request: 3.778428 seconds.
  path: Assets/Pixel Play/_Scenes
  artifactKey: Guid(f417fd1f0a487a94ea1e9ce0c3c2d2bd) Importer(815301076,1909f56bfc062723c751e8b465ee728b)
Start importing Assets/Pixel Play/_Scenes using Guid(f417fd1f0a487a94ea1e9ce0c3c2d2bd) Importer(815301076,1909f56bfc062723c751e8b465ee728b)  -> (artifact id: '2c121b651dea8345e247bff0cef00036') in 0.005093 seconds
  Import took 0.007007 seconds .

========================================================================
Received Import Request.
  Time since last request: 4.152855 seconds.
  path: Assets/LowPolyFarmLite/Scenes
  artifactKey: Guid(a8ca82e7a3f46d04db5b1c44ce6e5562) Importer(815301076,1909f56bfc062723c751e8b465ee728b)
Start importing Assets/LowPolyFarmLite/Scenes using Guid(a8ca82e7a3f46d04db5b1c44ce6e5562) Importer(815301076,1909f56bfc062723c751e8b465ee728b)  -> (artifact id: '81115db3349c1de7ee980e9cc126ffab') in 0.001532 seconds
  Import took 0.003310 seconds .

========================================================================
Received Import Request.
  Time since last request: 4.132896 seconds.
  path: Assets/Supercyan Free Forest Sample/Scenes
  artifactKey: Guid(3a5136e13fd179f49ad55a85daa0a6fa) Importer(815301076,1909f56bfc062723c751e8b465ee728b)
Start importing Assets/Supercyan Free Forest Sample/Scenes using Guid(3a5136e13fd179f49ad55a85daa0a6fa) Importer(815301076,1909f56bfc062723c751e8b465ee728b)  -> (artifact id: 'c4bfcc497de189b4fefbef5f9bc82642') in 0.004320 seconds
  Import took 0.005955 seconds .

========================================================================
Received Import Request.
  Time since last request: 27.769780 seconds.
  path: Assets/mixkit-sounds-of-the-river-and-birds-2453.wav
  artifactKey: Guid(4267016c17df8684aafe930b2bc0b666) Importer(815301076,1909f56bfc062723c751e8b465ee728b)
Start importing Assets/mixkit-sounds-of-the-river-and-birds-2453.wav using Guid(4267016c17df8684aafe930b2bc0b666) Importer(815301076,1909f56bfc062723c751e8b465ee728b)  -> (artifact id: 'b0ea0332f1718fb22b358bd796cb6833') in 0.056982 seconds
  Import took 0.058780 seconds .

========================================================================
Received Import Request.
  Time since last request: 5.572072 seconds.
  path: Assets/Audio
  artifactKey: Guid(494a0b5c1f9c1d44481d0ee32f64e2ee) Importer(815301076,1909f56bfc062723c751e8b465ee728b)
Start importing Assets/Audio using Guid(494a0b5c1f9c1d44481d0ee32f64e2ee) Importer(815301076,1909f56bfc062723c751e8b465ee728b)  -> (artifact id: '34927804756fb0d8052fb54b8ff9b316') in 0.006786 seconds
  Import took 0.008687 seconds .

========================================================================
Received Import Request.
  Time since last request: 456.243724 seconds.
  path: Assets/incorrect sound effect.mp3
  artifactKey: Guid(b9ed984f3b78e354db31efbd19373301) Importer(815301076,1909f56bfc062723c751e8b465ee728b)
Start importing Assets/incorrect sound effect.mp3 using Guid(b9ed984f3b78e354db31efbd19373301) Importer(815301076,1909f56bfc062723c751e8b465ee728b)  -> (artifact id: 'f177f8b73584480ac369ecec2460651c') in 0.011157 seconds
  Import took 0.012909 seconds .

========================================================================
Received Import Request.
  Time since last request: 77.623899 seconds.
  path: Assets/stopwatch.png
  artifactKey: Guid(5dd42a0c6f420034791c77ac6ef527b3) Importer(815301076,1909f56bfc062723c751e8b465ee728b)
Start importing Assets/stopwatch.png using Guid(5dd42a0c6f420034791c77ac6ef527b3) Importer(815301076,1909f56bfc062723c751e8b465ee728b)  -> (artifact id: '8fba6536a3c39eedee45a6ec1ba3ac07') in 0.013938 seconds
  Import took 0.015826 seconds .

========================================================================
Received Import Request.
  Time since last request: 6.391866 seconds.
  path: Assets/Scripts
  artifactKey: Guid(96aff65a1fb84524386577d3831a227b) Importer(815301076,1909f56bfc062723c751e8b465ee728b)
Start importing Assets/Scripts using Guid(96aff65a1fb84524386577d3831a227b) Importer(815301076,1909f56bfc062723c751e8b465ee728b)  -> (artifact id: 'fc25ad414b2370a28a1b24f84a3caa3d') in 0.003141 seconds
  Import took 0.004940 seconds .

========================================================================
Received Import Request.
  Time since last request: 3.946945 seconds.
  path: Assets/waterManager.cs
  artifactKey: Guid(43133a3dd75cc5147af4a1d525e84e2a) Importer(815301076,1909f56bfc062723c751e8b465ee728b)
Start importing Assets/waterManager.cs using Guid(43133a3dd75cc5147af4a1d525e84e2a) Importer(815301076,1909f56bfc062723c751e8b465ee728b)  -> (artifact id: 'b5f384117d7880958cd2e5c163f06fe7') in 0.004646 seconds
  Import took 0.006647 seconds .

========================================================================
Received Import Request.
  Time since last request: 0.896297 seconds.
  path: Assets/TimeSystem.cs
  artifactKey: Guid(ce9271fc1746db44ba0265520e7ce230) Importer(815301076,1909f56bfc062723c751e8b465ee728b)
Start importing Assets/TimeSystem.cs using Guid(ce9271fc1746db44ba0265520e7ce230) Importer(815301076,1909f56bfc062723c751e8b465ee728b)  -> (artifact id: '386cb298b791f112f564f6e830438880') in 0.004857 seconds
  Import took 0.006533 seconds .

========================================================================
Received Prepare
Registering precompiled user dll's ...
Registered in 0.000641 seconds.
Begin MonoManager ReloadAssembly
Native extension for WindowsStandalone target not found
Native extension for WebGL target not found
Refreshing native plugins compatible for Editor in 0.30 ms, found 0 plugins.
Preloading 0 native plugins for Editor in 0.00 ms.
Invoked RoslynAnalysisRunner static constructor.
RoslynAnalysisRunner will not be running.
RoslynAnalysisRunner has terminated.
Mono: successfully reloaded assembly
- Completed reload, in  0.603 seconds
Platform modules already initialized, skipping
Refreshing native plugins compatible for Editor in 0.32 ms, found 0 plugins.
Preloading 0 native plugins for Editor in 0.00 ms.
Unloading 1162 Unused Serialized files (Serialized files now loaded: 0)
System memory in use before: 162.3 MB.
System memory in use after: 162.4 MB.

Unloading 7 unused Assets to reduce memory usage. Loaded Objects now: 1776.
Total: 1.529200 ms (FindLiveObjects: 0.157200 ms CreateObjectMapping: 0.028500 ms MarkObjects: 1.144700 ms  DeleteObjects: 0.198100 ms)

========================================================================
Received Prepare
Registering precompiled user dll's ...
Registered in 0.000547 seconds.
Begin MonoManager ReloadAssembly
Native extension for WindowsStandalone target not found
Native extension for WebGL target not found
Refreshing native plugins compatible for Editor in 0.29 ms, found 0 plugins.
Preloading 0 native plugins for Editor in 0.00 ms.
Invoked RoslynAnalysisRunner static constructor.
RoslynAnalysisRunner will not be running.
RoslynAnalysisRunner has terminated.
Mono: successfully reloaded assembly
- Completed reload, in  0.597 seconds
Platform modules already initialized, skipping
Refreshing native plugins compatible for Editor in 0.29 ms, found 0 plugins.
Preloading 0 native plugins for Editor in 0.00 ms.
Unloading 1162 Unused Serialized files (Serialized files now loaded: 0)
System memory in use before: 162.3 MB.
System memory in use after: 162.4 MB.

Unloading 6 unused Assets to reduce memory usage. Loaded Objects now: 1779.
Total: 1.520100 ms (FindLiveObjects: 0.130700 ms CreateObjectMapping: 0.031300 ms MarkObjects: 1.194500 ms  DeleteObjects: 0.163000 ms)

========================================================================
Received Import Request.
  Time since last request: 47.600695 seconds.
  path: Assets/TechnoGami/Audiomanager.cs
  artifactKey: Guid(933f69a8240e14b40bdcf0904416d9f9) Importer(815301076,1909f56bfc062723c751e8b465ee728b)
Start importing Assets/TechnoGami/Audiomanager.cs using Guid(933f69a8240e14b40bdcf0904416d9f9) Importer(815301076,1909f56bfc062723c751e8b465ee728b)  -> (artifact id: '594230d321110afbf08366732e2fa4d3') in 0.005826 seconds
  Import took 0.007547 seconds .

========================================================================
Received Import Request.
  Time since last request: 0.025693 seconds.
  path: Assets/TechnoGami/Audiomanager.cs
  artifactKey: Guid(933f69a8240e14b40bdcf0904416d9f9) Importer(815301076,1909f56bfc062723c751e8b465ee728b)
Start importing Assets/TechnoGami/Audiomanager.cs using Guid(933f69a8240e14b40bdcf0904416d9f9) Importer(815301076,1909f56bfc062723c751e8b465ee728b)  -> (artifact id: '594230d321110afbf08366732e2fa4d3') in 0.001789 seconds
  Import took 0.003919 seconds .

========================================================================
Received Prepare
Registering precompiled user dll's ...
Registered in 0.000611 seconds.
Begin MonoManager ReloadAssembly
Native extension for WindowsStandalone target not found
Native extension for WebGL target not found
Refreshing native plugins compatible for Editor in 0.29 ms, found 0 plugins.
Preloading 0 native plugins for Editor in 0.00 ms.
Invoked RoslynAnalysisRunner static constructor.
RoslynAnalysisRunner will not be running.
RoslynAnalysisRunner has terminated.
Mono: successfully reloaded assembly
- Completed reload, in  0.598 seconds
Platform modules already initialized, skipping
Refreshing native plugins compatible for Editor in 0.29 ms, found 0 plugins.
Preloading 0 native plugins for Editor in 0.00 ms.
Unloading 1162 Unused Serialized files (Serialized files now loaded: 0)
System memory in use before: 162.4 MB.
System memory in use after: 162.4 MB.

Unloading 6 unused Assets to reduce memory usage. Loaded Objects now: 1782.
Total: 1.535800 ms (FindLiveObjects: 0.125500 ms CreateObjectMapping: 0.030100 ms MarkObjects: 1.217400 ms  DeleteObjects: 0.162000 ms)

========================================================================
Received Import Request.
  Time since last request: 6.061550 seconds.
  path: Assets/TechnoGami/ChickenController.cs
  artifactKey: Guid(c8a3e7a2780c24348a70016e96e68d09) Importer(815301076,1909f56bfc062723c751e8b465ee728b)
Start importing Assets/TechnoGami/ChickenController.cs using Guid(c8a3e7a2780c24348a70016e96e68d09) Importer(815301076,1909f56bfc062723c751e8b465ee728b)  -> (artifact id: '5de17b0542fe1faa2b9f6b382a19e4aa') in 0.005612 seconds
  Import took 0.007184 seconds .

========================================================================
Received Prepare
Registering precompiled user dll's ...
Registered in 0.000611 seconds.
Begin MonoManager ReloadAssembly
Native extension for WindowsStandalone target not found
Native extension for WebGL target not found
Refreshing native plugins compatible for Editor in 0.29 ms, found 0 plugins.
Preloading 0 native plugins for Editor in 0.00 ms.
Invoked RoslynAnalysisRunner static constructor.
RoslynAnalysisRunner will not be running.
RoslynAnalysisRunner has terminated.
Mono: successfully reloaded assembly
- Completed reload, in  0.593 seconds
Platform modules already initialized, skipping
Refreshing native plugins compatible for Editor in 0.29 ms, found 0 plugins.
Preloading 0 native plugins for Editor in 0.00 ms.
Unloading 1162 Unused Serialized files (Serialized files now loaded: 0)
System memory in use before: 162.4 MB.
System memory in use after: 162.4 MB.

Unloading 6 unused Assets to reduce memory usage. Loaded Objects now: 1785.
Total: 1.570000 ms (FindLiveObjects: 0.145800 ms CreateObjectMapping: 0.038200 ms MarkObjects: 1.215300 ms  DeleteObjects: 0.169800 ms)

========================================================================
Received Import Request.
  Time since last request: 5.809550 seconds.
  path: Assets/Scripts/TimeMaster.cs
  artifactKey: Guid(6bf778a757257094f94163e0dfa9f239) Importer(815301076,1909f56bfc062723c751e8b465ee728b)
Start importing Assets/Scripts/TimeMaster.cs using Guid(6bf778a757257094f94163e0dfa9f239) Importer(815301076,1909f56bfc062723c751e8b465ee728b)  -> (artifact id: '26cd51fc98aeea63499bb2ea92a1ba5a') in 0.006778 seconds
  Import took 0.008941 seconds .

========================================================================
Received Prepare
Registering precompiled user dll's ...
Registered in 0.000695 seconds.
Begin MonoManager ReloadAssembly
Native extension for WindowsStandalone target not found
Native extension for WebGL target not found
Refreshing native plugins compatible for Editor in 0.29 ms, found 0 plugins.
Preloading 0 native plugins for Editor in 0.00 ms.
Invoked RoslynAnalysisRunner static constructor.
RoslynAnalysisRunner will not be running.
RoslynAnalysisRunner has terminated.
Mono: successfully reloaded assembly
- Completed reload, in  0.593 seconds
Platform modules already initialized, skipping
Refreshing native plugins compatible for Editor in 0.29 ms, found 0 plugins.
Preloading 0 native plugins for Editor in 0.00 ms.
Unloading 1162 Unused Serialized files (Serialized files now loaded: 0)
System memory in use before: 162.4 MB.
System memory in use after: 162.4 MB.

Unloading 6 unused Assets to reduce memory usage. Loaded Objects now: 1788.
Total: 1.489700 ms (FindLiveObjects: 0.128700 ms CreateObjectMapping: 0.031200 ms MarkObjects: 1.162100 ms  DeleteObjects: 0.167100 ms)

========================================================================
Received Prepare
Registering precompiled user dll's ...
Registered in 0.000597 seconds.
Begin MonoManager ReloadAssembly
Native extension for WindowsStandalone target not found
Native extension for WebGL target not found
Refreshing native plugins compatible for Editor in 0.34 ms, found 0 plugins.
Preloading 0 native plugins for Editor in 0.00 ms.
Invoked RoslynAnalysisRunner static constructor.
RoslynAnalysisRunner will not be running.
RoslynAnalysisRunner has terminated.
Mono: successfully reloaded assembly
- Completed reload, in  0.597 seconds
Platform modules already initialized, skipping
Refreshing native plugins compatible for Editor in 0.30 ms, found 0 plugins.
Preloading 0 native plugins for Editor in 0.00 ms.
Unloading 1162 Unused Serialized files (Serialized files now loaded: 0)
System memory in use before: 162.4 MB.
System memory in use after: 162.5 MB.

Unloading 6 unused Assets to reduce memory usage. Loaded Objects now: 1791.
Total: 1.619300 ms (FindLiveObjects: 0.152900 ms CreateObjectMapping: 0.035200 ms MarkObjects: 1.253700 ms  DeleteObjects: 0.176500 ms)

========================================================================
Received Prepare
Registering precompiled user dll's ...
Registered in 0.000620 seconds.
Begin MonoManager ReloadAssembly
Native extension for WindowsStandalone target not found
Native extension for WebGL target not found
Refreshing native plugins compatible for Editor in 0.29 ms, found 0 plugins.
Preloading 0 native plugins for Editor in 0.00 ms.
Invoked RoslynAnalysisRunner static constructor.
RoslynAnalysisRunner will not be running.
RoslynAnalysisRunner has terminated.
Mono: successfully reloaded assembly
- Completed reload, in  0.597 seconds
Platform modules already initialized, skipping
Refreshing native plugins compatible for Editor in 0.29 ms, found 0 plugins.
Preloading 0 native plugins for Editor in 0.00 ms.
Unloading 1162 Unused Serialized files (Serialized files now loaded: 0)
System memory in use before: 162.4 MB.
System memory in use after: 162.5 MB.

Unloading 6 unused Assets to reduce memory usage. Loaded Objects now: 1794.
Total: 1.530700 ms (FindLiveObjects: 0.134900 ms CreateObjectMapping: 0.034000 ms MarkObjects: 1.197700 ms  DeleteObjects: 0.162800 ms)

========================================================================
Received Prepare
Registering precompiled user dll's ...
Registered in 0.000586 seconds.
Begin MonoManager ReloadAssembly
Native extension for WindowsStandalone target not found
Native extension for WebGL target not found
Refreshing native plugins compatible for Editor in 0.31 ms, found 0 plugins.
Preloading 0 native plugins for Editor in 0.00 ms.
Invoked RoslynAnalysisRunner static constructor.
RoslynAnalysisRunner will not be running.
RoslynAnalysisRunner has terminated.
Mono: successfully reloaded assembly
- Completed reload, in  0.594 seconds
Platform modules already initialized, skipping
Refreshing native plugins compatible for Editor in 0.32 ms, found 0 plugins.
Preloading 0 native plugins for Editor in 0.00 ms.
Unloading 1162 Unused Serialized files (Serialized files now loaded: 0)
System memory in use before: 162.4 MB.
System memory in use after: 162.5 MB.

Unloading 6 unused Assets to reduce memory usage. Loaded Objects now: 1797.
Total: 1.691400 ms (FindLiveObjects: 0.149700 ms CreateObjectMapping: 0.033600 ms MarkObjects: 1.329100 ms  DeleteObjects: 0.177700 ms)

========================================================================
Received Prepare
Registering precompiled user dll's ...
Registered in 0.000576 seconds.
Begin MonoManager ReloadAssembly
Native extension for WindowsStandalone target not found
Native extension for WebGL target not found
Refreshing native plugins compatible for Editor in 0.29 ms, found 0 plugins.
Preloading 0 native plugins for Editor in 0.00 ms.
Invoked RoslynAnalysisRunner static constructor.
RoslynAnalysisRunner will not be running.
RoslynAnalysisRunner has terminated.
Mono: successfully reloaded assembly
- Completed reload, in  0.595 seconds
Platform modules already initialized, skipping
Refreshing native plugins compatible for Editor in 0.29 ms, found 0 plugins.
Preloading 0 native plugins for Editor in 0.00 ms.
Unloading 1162 Unused Serialized files (Serialized files now loaded: 0)
System memory in use before: 162.4 MB.
System memory in use after: 162.5 MB.

Unloading 6 unused Assets to reduce memory usage. Loaded Objects now: 1800.
Total: 1.506600 ms (FindLiveObjects: 0.120100 ms CreateObjectMapping: 0.028300 ms MarkObjects: 1.188300 ms  DeleteObjects: 0.169500 ms)

